03/24/2019 01:07:54 PM Link already scrapped : https://www.kantipurdaily.com/lifestyle/2019/02/04/154929273909679836.html
03/24/2019 01:07:54 PM Link already scrapped : https://www.kantipurdaily.com/health/2019/02/02/154907501604599542.html
03/24/2019 01:07:54 PM Link already scrapped : https://www.kantipurdaily.com/lifestyle/2018/12/15/154484554778351587.html
03/24/2019 01:07:54 PM Link already scrapped : https://www.kantipurdaily.com/health/2019/02/02/154907480650417069.html
03/24/2019 01:07:54 PM Link already scrapped : https://www.kantipurdaily.com/lifestyle/2018/10/27/154060833200673698.html
03/24/2019 01:07:54 PM Link already scrapped : https://www.kantipurdaily.com/health/2019/01/27/154857027737654278.html
03/24/2019 01:07:54 PM Link already scrapped : https://www.kantipurdaily.com/lifestyle/2018/10/26/154055776246222145.html
03/24/2019 01:07:54 PM Link already scrapped : https://www.kantipurdaily.com/health/2019/01/26/154847129891597253.html
03/24/2019 01:07:54 PM Link already scrapped : https://www.kantipurdaily.com/health/2019/01/22/15481622453734788.html
03/24/2019 01:07:54 PM Link already scrapped : https://www.kantipurdaily.com/lifestyle/2018/10/25/154043630715937647.html
03/24/2019 01:07:54 PM Link already scrapped : https://www.kantipurdaily.com/health/2019/01/19/154790234379472253.html
03/24/2019 01:07:54 PM Link already scrapped : https://www.kantipurdaily.com/health/2019/01/19/154787098846297814.html
03/24/2019 01:07:54 PM Link already scrapped : https://www.kantipurdaily.com/health/2019/01/19/154787081014351169.html
03/24/2019 01:07:54 PM Link already scrapped : https://www.kantipurdaily.com/lifestyle/2018/10/25/154043629459723148.html
03/24/2019 01:07:54 PM Link already scrapped : https://www.kantipurdaily.com/health/2019/01/12/15472600710233936.html
03/24/2019 01:07:54 PM Link already scrapped : https://www.kantipurdaily.com/health/2019/01/09/15470262258949802.html
03/24/2019 01:07:54 PM Link already scrapped : https://www.kantipurdaily.com/Art/2019/01/29/154873033061681009.html
03/24/2019 01:07:54 PM Link already scrapped : https://www.kantipurdaily.com/opinion/2019/02/04/154924643668524821.html
03/24/2019 01:07:54 PM Link already scrapped : https://www.kantipurdaily.com/business/2019/02/04/154924971690248802.html
03/24/2019 01:07:54 PM Link already scrapped : https://www.kantipurdaily.com/Other/2019/02/03/1549175096251227.html
03/24/2019 01:07:54 PM Link already scrapped : https://www.kantipurdaily.com/business/2019/02/04/154924920871151123.html
03/24/2019 01:07:54 PM Link already scrapped : https://www.kantipurdaily.com/Art/2018/12/27/15459080515685271.html
03/24/2019 01:07:54 PM Link already scrapped : https://www.kantipurdaily.com/opinion/2019/02/04/154924633128869143.html
03/24/2019 01:07:54 PM Link already scrapped : https://www.kantipurdaily.com/business/2019/02/04/15492491593186244.html
03/24/2019 01:07:54 PM Link already scrapped : https://www.kantipurdaily.com/opinion/2019/02/04/154924623421299159.html
03/24/2019 01:07:54 PM Link already scrapped : https://www.kantipurdaily.com/Other/2019/02/02/154910604574971393.html
03/24/2019 01:07:54 PM Link already scrapped : https://www.kantipurdaily.com/business/2019/02/04/154924909688459251.html
03/24/2019 01:07:54 PM Link already scrapped : https://www.kantipurdaily.com/Art/2018/12/03/154383283661058975.html
03/24/2019 01:07:54 PM Link already scrapped : https://www.kantipurdaily.com/Other/2019/02/02/15491043009788477.html
03/24/2019 01:07:54 PM Link already scrapped : https://www.kantipurdaily.com/opinion/2019/02/04/154924615679899526.html
03/24/2019 01:07:54 PM Link already scrapped : https://www.kantipurdaily.com/business/2019/02/04/15492490494653906.html
03/24/2019 01:07:54 PM Link already scrapped : https://www.kantipurdaily.com/Art/2018/11/22/154285441814174238.html
03/24/2019 01:07:54 PM Link already scrapped : https://www.kantipurdaily.com/opinion/2019/02/04/154924608836196742.html
03/24/2019 01:07:54 PM Link already scrapped : https://www.kantipurdaily.com/Other/2019/01/13/15473772576666537.html
03/24/2019 01:07:54 PM Link already scrapped : https://www.kantipurdaily.com/business/2019/02/03/154919952108767444.html
03/24/2019 01:07:54 PM Link already scrapped : https://www.kantipurdaily.com/Art/2018/11/07/154156737167085451.html
03/24/2019 01:07:54 PM Link already scrapped : https://www.kantipurdaily.com/opinion/2019/02/03/154916022413734198.html
03/24/2019 01:07:54 PM Link already scrapped : https://www.kantipurdaily.com/business/2019/02/03/154916378012122562.html
03/24/2019 01:07:54 PM Link already scrapped : https://www.kantipurdaily.com/opinion/2019/02/03/154916016072944655.html
03/24/2019 01:07:54 PM Link already scrapped : https://www.kantipurdaily.com/Art/2018/11/07/154156679294796933.html
03/24/2019 01:07:54 PM Link already scrapped : https://www.kantipurdaily.com/Other/2019/01/09/154703190463314950.html
03/24/2019 01:07:54 PM Link already scrapped : https://www.kantipurdaily.com/opinion/2019/02/03/154916007550221215.html
03/24/2019 01:07:54 PM Link already scrapped : https://www.kantipurdaily.com/Other/2018/12/27/154588902006892903.html
03/24/2019 01:07:54 PM Link already scrapped : https://www.kantipurdaily.com/business/2019/02/03/154916371147598179.html
03/24/2019 01:07:54 PM Link already scrapped : https://www.kantipurdaily.com/Art/2018/11/07/154156597034692812.html
03/24/2019 01:07:54 PM Link already scrapped : https://www.kantipurdaily.com/technology/2019/01/31/154894761773815354.html
03/24/2019 01:07:54 PM Link already scrapped : https://www.kantipurdaily.com/opinion/2019/02/03/154916000137191383.html
03/24/2019 01:07:54 PM Link already scrapped : https://www.kantipurdaily.com/technology/2019/01/31/154894517552437493.html
03/24/2019 01:07:54 PM Link already scrapped : https://www.kantipurdaily.com/business/2019/02/03/154916365273195495.html
03/24/2019 01:07:54 PM Link already scrapped : https://www.kantipurdaily.com/Other/2018/12/24/154566587865684468.html
03/24/2019 01:07:54 PM Link already scrapped : https://www.kantipurdaily.com/Art/2018/11/02/15411272296687351.html
03/24/2019 01:07:54 PM Link already scrapped : https://www.kantipurdaily.com/Other/2018/12/23/154555112923321461.html
03/24/2019 01:07:54 PM Link already scrapped : https://www.kantipurdaily.com/opinion/2019/02/03/154915991922222529.html
03/24/2019 01:07:54 PM Link already scrapped : https://www.kantipurdaily.com/technology/2019/01/30/154886085716092966.html
03/24/2019 01:07:54 PM Link already scrapped : https://www.kantipurdaily.com/business/2019/02/03/154916344385448396.html
03/24/2019 01:07:54 PM Link already scrapped : https://www.kantipurdaily.com/world/2019/02/04/154928114483549281.html
03/24/2019 01:07:54 PM Link already scrapped : https://www.kantipurdaily.com/Other/2018/12/16/15449756634041376.html
03/24/2019 01:07:54 PM Link already scrapped : https://www.kantipurdaily.com/Art/2018/11/01/154104003192261398.html
03/24/2019 01:07:54 PM Link already scrapped : https://www.kantipurdaily.com/business/2019/02/03/154916339927383908.html
03/24/2019 01:07:54 PM Link already scrapped : https://www.kantipurdaily.com/opinion/2019/02/03/154915969643568757.html
03/24/2019 01:07:54 PM Link already scrapped : https://www.kantipurdaily.com/technology/2019/01/30/154885921607472146.html
03/24/2019 01:07:54 PM Link already scrapped : https://www.kantipurdaily.com/Art/2018/11/01/154104002875361176.html
03/24/2019 01:07:54 PM Link already scrapped : https://www.kantipurdaily.com/business/2019/02/03/154916334060228355.html
03/24/2019 01:07:54 PM Link already scrapped : https://www.kantipurdaily.com/Other/2018/12/13/154468375423381992.html
03/24/2019 01:07:54 PM Link already scrapped : https://www.kantipurdaily.com/world/2019/02/04/154927403345191740.html
03/24/2019 01:07:54 PM Link already scrapped : https://www.kantipurdaily.com/business/2019/02/03/15491631429212134.html
03/24/2019 01:07:54 PM Link already scrapped : https://www.kantipurdaily.com/technology/2019/01/30/154881843144437515.html
03/24/2019 01:07:54 PM Link already scrapped : https://www.kantipurdaily.com/world/2019/02/04/15492472902787177.html
03/24/2019 01:07:54 PM Link already scrapped : https://www.kantipurdaily.com/technology/2019/01/27/15485615080534262.html
03/24/2019 01:07:54 PM Link already scrapped : https://www.kantipurdaily.com/world/2019/02/03/154920840660987599.html
03/24/2019 01:07:54 PM Link already scrapped : https://www.kantipurdaily.com/technology/2019/01/26/154851295769338190.html
03/24/2019 01:07:54 PM Link already scrapped : https://www.kantipurdaily.com/world/2019/02/03/1549206729272586.html
03/24/2019 01:07:54 PM Link already scrapped : https://www.kantipurdaily.com/technology/2019/01/20/154795954552882756.html
03/24/2019 01:07:54 PM Link already scrapped : https://www.kantipurdaily.com/world/2019/02/03/154918469053426552.html
03/24/2019 01:07:54 PM Link already scrapped : https://www.kantipurdaily.com/world/2019/02/03/154916123575527360.html
03/24/2019 01:07:54 PM Link already scrapped : https://www.kantipurdaily.com/technology/2019/01/14/154746103366191645.html
03/24/2019 01:07:54 PM Link already scrapped : https://www.kantipurdaily.com/world/2019/02/02/1549114572335652.html
03/24/2019 01:07:54 PM Link already scrapped : https://www.kantipurdaily.com/technology/2019/01/10/154708916640897218.html
03/24/2019 01:07:54 PM Link already scrapped : https://www.kantipurdaily.com/world/2019/02/02/154910089234797669.html
03/24/2019 01:07:54 PM Link already scrapped : https://www.kantipurdaily.com/world/2019/02/01/15490320125853826.html
03/24/2019 01:07:54 PM Link already scrapped : https://www.kantipurdaily.com/world/2019/02/01/154902276853043867.html
03/24/2019 01:07:54 PM Link already scrapped : https://www.kantipurdaily.com/pathakmanch/2019/02/04/15492478264696824.html
03/24/2019 01:07:54 PM Link already scrapped : https://www.kantipurdaily.com/pathakmanch/2019/02/04/154924758308519768.html
03/24/2019 01:07:54 PM Link already scrapped : https://www.kantipurdaily.com/pathakmanch/2019/02/04/154924754303521180.html
03/24/2019 01:07:54 PM Link already scrapped : https://www.kantipurdaily.com/pathakmanch/2019/02/04/154924749621618823.html
03/24/2019 01:07:54 PM Link already scrapped : https://www.kantipurdaily.com/pathakmanch/2019/02/04/154924744542546539.html
03/24/2019 01:07:54 PM Link already scrapped : https://www.kantipurdaily.com/pathakmanch/2019/02/03/154916332132621519.html
03/24/2019 01:07:54 PM Link already scrapped : https://www.kantipurdaily.com/pathakmanch/2019/02/03/1549163162939852.html
03/24/2019 01:07:54 PM Link already scrapped : https://www.kantipurdaily.com/pathakmanch/2019/02/03/15491631086434446.html
03/24/2019 01:07:54 PM Link already scrapped : https://www.kantipurdaily.com/pathakmanch/2019/02/03/154916303179482155.html
03/24/2019 01:07:54 PM Link already scrapped : https://www.kantipurdaily.com/pathakmanch/2019/02/03/154916288460884896.html
03/24/2019 01:07:54 PM Link already scrapped : https://www.kantipurdaily.com/koseli/2019/02/02/154909059754619986.html
03/24/2019 01:07:54 PM Link already scrapped : https://www.kantipurdaily.com/koseli/2019/02/02/154909036658555538.html
03/24/2019 01:07:54 PM Link already scrapped : https://www.kantipurdaily.com/koseli/2019/02/02/15490901782277814.html
03/24/2019 01:07:54 PM Link already scrapped : https://www.kantipurdaily.com/koseli/2019/02/02/154909006106842278.html
03/24/2019 01:07:54 PM Link already scrapped : https://www.kantipurdaily.com/koseli/2019/02/02/154908991904373062.html
03/24/2019 01:07:54 PM Link already scrapped : https://www.kantipurdaily.com/koseli/2019/02/02/154908978975183522.html
03/24/2019 01:07:54 PM Link already scrapped : https://www.kantipurdaily.com/koseli/2019/02/02/1549089480211689.html
03/24/2019 01:07:54 PM Link already scrapped : https://www.kantipurdaily.com/koseli/2019/02/02/154908923915221069.html
03/24/2019 01:07:54 PM Link already scrapped : https://www.kantipurdaily.com/koseli/2019/02/02/1549088985993980.html
03/24/2019 01:07:54 PM Link already scrapped : https://www.kantipurdaily.com/koseli/2019/02/02/154908878847364184.html
03/24/2019 01:07:54 PM Link already scrapped : https://www.kantipurdaily.com/koseli/2019/02/02/15490886857683463.html
03/24/2019 01:07:54 PM Link already scrapped : https://www.kantipurdaily.com/koseli/2019/02/02/154908848721487051.html
03/24/2019 01:07:54 PM Link already scrapped : https://www.kantipurdaily.com/koseli/2019/02/02/154908814924655351.html
03/24/2019 01:07:54 PM Link already scrapped : https://www.kantipurdaily.com/koseli/2019/02/02/15490879184195588.html
03/24/2019 01:07:54 PM Link already scrapped : https://www.kantipurdaily.com/koseli/2019/02/02/15490877366642842.html
03/24/2019 01:07:54 PM Link already scrapped : https://www.kantipurdaily.com/sports/2019/02/04/154929438615947707.html
03/24/2019 01:07:54 PM Link already scrapped : https://www.kantipurdaily.com/sports/2019/02/04/154928549658984615.html
03/24/2019 01:07:54 PM Link already scrapped : https://www.kantipurdaily.com/sports/2019/02/04/154927875674236361.html
03/24/2019 01:07:54 PM Link already scrapped : https://www.kantipurdaily.com/sports/2019/02/04/154925991185077312.html
03/24/2019 01:07:54 PM Link already scrapped : https://www.kantipurdaily.com/sports/2019/02/04/154925059115114527.html
03/24/2019 01:07:54 PM Link already scrapped : https://www.kantipurdaily.com/sports/2019/02/04/154925049791889839.html
03/24/2019 01:07:54 PM Link already scrapped : https://www.kantipurdaily.com/sports/2019/02/04/154925037340415928.html
03/24/2019 01:07:54 PM Link already scrapped : https://www.kantipurdaily.com/sports/2019/02/03/154919293671143381.html
03/24/2019 01:07:54 PM Link already scrapped : https://www.kantipurdaily.com/sports/2019/02/03/154916456865669927.html
03/24/2019 01:07:54 PM Link already scrapped : https://www.kantipurdaily.com/sports/2019/02/03/15491644030522645.html
03/24/2019 01:07:54 PM Link already scrapped : https://www.kantipurdaily.com/sports/2019/02/03/15491643423077889.html
03/24/2019 01:07:54 PM Link already scrapped : https://www.kantipurdaily.com/sports/2019/02/03/154916426001397240.html
03/24/2019 01:07:54 PM Link already scrapped : https://www.kantipurdaily.com/sports/2019/02/03/154916411807555876.html
03/24/2019 01:07:54 PM Link already scrapped : https://www.kantipurdaily.com/literature/2019/02/04/154928193754651842.html
03/24/2019 01:07:54 PM Link already scrapped : https://www.kantipurdaily.com/literature/2019/02/04/154927992653438833.html
03/24/2019 01:07:54 PM Link already scrapped : https://www.kantipurdaily.com/literature/2019/02/03/154916113470621868.html
03/24/2019 01:07:54 PM Link already scrapped : https://www.kantipurdaily.com/literature/2019/02/03/154916104329491605.html
03/24/2019 01:07:54 PM Link already scrapped : https://www.kantipurdaily.com/literature/2019/01/27/154856001418074612.html
03/24/2019 01:07:54 PM Link already scrapped : https://www.kantipurdaily.com/literature/2019/01/27/154855984952386777.html
03/24/2019 01:07:54 PM Link already scrapped : https://www.kantipurdaily.com/literature/2019/01/27/1548559733709479.html
03/24/2019 01:07:54 PM Link already scrapped : https://www.kantipurdaily.com/literature/2019/01/27/154855760663722849.html
03/24/2019 01:07:54 PM Link already scrapped : https://www.kantipurdaily.com/literature/2019/01/25/154838251023777979.html
03/24/2019 01:07:54 PM Link already scrapped : https://www.kantipurdaily.com/literature/2019/01/20/154797980662153340.html
03/24/2019 01:07:54 PM Link already scrapped : https://www.kantipurdaily.com/literature/2019/01/20/1547951259094346.html
03/24/2019 01:07:54 PM Link already scrapped : https://www.kantipurdaily.com/diaspora/2019/02/01/154899206780522227.html
03/24/2019 01:07:54 PM Link already scrapped : https://www.kantipurdaily.com/diaspora/2019/01/30/15488509593887551.html
03/24/2019 01:07:54 PM Link already scrapped : https://www.kantipurdaily.com/diaspora/2019/01/26/154850719902082917.html
03/24/2019 01:07:54 PM Link already scrapped : https://www.kantipurdaily.com/diaspora/2019/01/21/154803768969372912.html
03/24/2019 01:07:54 PM Link already scrapped : https://www.kantipurdaily.com/diaspora/2019/01/20/1547956687066384.html
03/24/2019 01:07:54 PM Link already scrapped : https://www.kantipurdaily.com/diaspora/2019/01/19/154790631672665858.html
03/24/2019 01:07:54 PM Link already scrapped : https://www.kantipurdaily.com/diaspora/2019/01/18/154781180975953547.html
03/24/2019 01:07:54 PM Link already scrapped : https://www.kantipurdaily.com/diaspora/2019/01/17/154771838072047097.html
03/24/2019 01:07:54 PM Link already scrapped : https://www.kantipurdaily.com/diaspora/2019/01/16/15476217121898910.html
03/24/2019 01:07:54 PM Link already scrapped : https://www.kantipurdaily.com/diaspora/2019/01/14/154743867406132459.html
03/24/2019 01:07:54 PM Link already scrapped : https://www.kantipurdaily.com/diaspora/2019/01/14/154743612603826203.html
03/24/2019 01:07:54 PM Link already scrapped : https://www.kantipurdaily.com/entertainment/2019/02/04/154924723010216781.html
03/24/2019 01:07:54 PM Link already scrapped : https://www.kantipurdaily.com/entertainment/2019/02/04/154924709026228325.html
03/24/2019 01:07:54 PM Link already scrapped : https://www.kantipurdaily.com/entertainment/2019/02/03/154920344402384109.html
03/24/2019 01:07:54 PM Link already scrapped : https://www.kantipurdaily.com/entertainment/2019/02/03/154916092402356678.html
03/24/2019 01:07:54 PM Link already scrapped : https://www.kantipurdaily.com/entertainment/2019/02/02/154907474693859010.html
03/24/2019 01:07:54 PM Link already scrapped : https://www.kantipurdaily.com/feature/2019/02/04/154924716320158686.html
03/24/2019 01:07:54 PM Link already scrapped : https://www.kantipurdaily.com/feature/2019/02/03/154916150245437069.html
03/24/2019 01:07:54 PM Link already scrapped : https://www.kantipurdaily.com/entertainment/2019/02/02/15490746773499631.html
03/24/2019 01:07:54 PM Link already scrapped : https://www.kantipurdaily.com/feature/2019/02/03/154915827191899963.html
03/24/2019 01:07:54 PM Link already scrapped : https://www.kantipurdaily.com/entertainment/2019/02/02/154907452951093357.html
03/24/2019 01:07:54 PM Link already scrapped : https://www.kantipurdaily.com/feature/2019/01/23/154820818071152132.html
03/24/2019 01:07:54 PM Link already scrapped : https://www.kantipurdaily.com/entertainment/2019/01/31/154891074984452980.html
03/24/2019 01:07:54 PM Link already scrapped : https://www.kantipurdaily.com/feature/2019/01/18/154777531254974886.html
03/24/2019 01:07:54 PM Link already scrapped : https://www.kantipurdaily.com/feature/2019/01/17/154773311282877615.html
03/24/2019 01:07:54 PM Link already scrapped : https://www.kantipurdaily.com/entertainment/2019/01/31/154891062724882068.html
03/24/2019 01:07:54 PM Link already scrapped : https://www.kantipurdaily.com/feature/2019/01/15/15475266922746508.html
03/24/2019 01:07:54 PM Link already scrapped : https://www.kantipurdaily.com/entertainment/2019/01/31/154891042050256336.html
03/24/2019 01:07:54 PM Link already scrapped : https://www.kantipurdaily.com/feature/2019/01/15/154751664242437044.html
03/24/2019 01:07:54 PM Link already scrapped : https://www.kantipurdaily.com/feature/2019/01/13/154734385310422042.html
03/24/2019 01:07:54 PM Link already scrapped : https://www.kantipurdaily.com/national/2019/02/04/154927552275076949.html
03/24/2019 01:07:54 PM Link already scrapped : https://www.kantipurdaily.com/feature/2019/01/11/154717149359758539.html
03/24/2019 01:07:54 PM Link already scrapped : https://www.kantipurdaily.com/national/2019/02/04/1549245641222245.html
03/24/2019 01:07:54 PM Link already scrapped : https://www.kantipurdaily.com/national/2019/02/04/1549245539423797.html
03/24/2019 01:07:54 PM Link already scrapped : https://www.kantipurdaily.com/national/2019/02/03/1549159053508662.html
03/24/2019 01:07:54 PM Link already scrapped : https://www.kantipurdaily.com/national/2019/02/03/154915896973773.html
03/24/2019 01:07:54 PM Link already scrapped : https://www.kantipurdaily.com/national/2019/02/03/154915892294932574.html
03/24/2019 01:07:54 PM Link already scrapped : https://www.kantipurdaily.com/national/2019/02/02/154907302148114966.html
03/24/2019 01:07:54 PM Link already scrapped : https://www.kantipurdaily.com/national/2019/02/02/154907288638188795.html
03/24/2019 01:07:54 PM Link already scrapped : https://www.kantipurdaily.com/national/2019/02/01/154902327841029440.html
03/24/2019 01:07:54 PM Link already scrapped : https://www.kantipurdaily.com/national/2019/01/30/154886367952093547.html
03/24/2019 01:07:54 PM Link already scrapped : https://www.kantipurdaily.com/national/2019/01/30/15488559041423307.html
03/24/2019 01:07:54 PM Link already scrapped : https://www.kantipurdaily.com/national/2019/01/30/154883878367055695.html
03/24/2019 01:07:54 PM Link already scrapped : https://www.kantipurdaily.com/national/2019/01/30/154881465254356967.html
03/24/2019 01:07:54 PM Link already scrapped : https://www.kantipurdaily.com/national/2019/01/30/154881459983989151.html
03/24/2019 01:07:54 PM Link already scrapped : https://www.kantipurdaily.com/national/2019/01/30/154881438676849242.html
03/24/2019 01:07:54 PM Link already scrapped : https://www.kantipurdaily.com/news/2019/02/04/154929305490814245.html
03/24/2019 01:07:54 PM Link already scrapped : https://www.kantipurdaily.com/news/2019/02/04/154929110383294750.html
03/24/2019 01:07:54 PM Link already scrapped : https://www.kantipurdaily.com/news/2019/02/04/154928933752981229.html
03/24/2019 01:07:54 PM Link already scrapped : https://www.kantipurdaily.com/news/2019/02/04/154928906067042741.html
03/24/2019 01:07:54 PM Link already scrapped : https://www.kantipurdaily.com/news/2019/02/04/154928885665611191.html
03/24/2019 01:07:54 PM Link already scrapped : https://www.kantipurdaily.com/news/2019/02/04/154928802057246557.html
03/24/2019 01:07:54 PM Link already scrapped : https://www.kantipurdaily.com/news/2019/02/04/154928379063097902.html
03/24/2019 01:07:54 PM Link already scrapped : https://www.kantipurdaily.com/news/2019/02/04/154927973177176716.html
03/24/2019 01:07:54 PM Link already scrapped : https://www.kantipurdaily.com/news/2019/02/04/154927739164116834.html
03/24/2019 01:07:54 PM Link already scrapped : https://www.kantipurdaily.com/news/2019/02/04/154927656319778772.html
03/24/2019 01:07:54 PM Link already scrapped : https://www.kantipurdaily.com/news/2019/02/04/15492753968371415.html
03/24/2019 01:07:54 PM Link already scrapped : https://www.kantipurdaily.com/news/2019/02/04/154926924107782848.html
03/24/2019 01:07:54 PM Link already scrapped : https://www.kantipurdaily.com/news/2019/02/04/154925597498652823.html
03/24/2019 01:07:54 PM Link already scrapped : https://www.kantipurdaily.com/news/2019/02/04/154925025867579142.html
03/24/2019 01:07:54 PM Link already scrapped : https://www.kantipurdaily.com/news/2019/02/04/154925017161826791.html
03/24/2019 01:07:54 PM Link already scrapped : https://www.kantipurdaily.com/news/2019/02/04/154925011931641893.html
03/24/2019 01:07:54 PM Link already scrapped : https://www.kantipurdaily.com/news/2019/02/04/154924750951245271.html
03/24/2019 01:07:54 PM Link already scrapped : https://www.kantipurdaily.com/news/2019/02/04/15492474370149445.html
03/24/2019 01:07:54 PM Link already scrapped : https://www.kantipurdaily.com/news/2019/02/04/154924695544889202.html
03/24/2019 01:07:54 PM Link already scrapped : https://www.kantipurdaily.com/news/2019/02/04/154924689588545562.html
03/24/2019 01:07:54 PM Link already scrapped : https://www.kantipurdaily.com/news/2019/02/04/154924675227663053.html
03/24/2019 01:07:54 PM Link already scrapped : https://www.kantipurdaily.com/news/2019/02/04/154924660669895046.html
03/24/2019 01:07:54 PM Link already scrapped : https://www.kantipurdaily.com/news/2019/02/04/15492453037761748.html
03/24/2019 01:07:54 PM Link already scrapped : https://www.kantipurdaily.com/news/2019/02/04/154924461315099099.html
03/24/2019 01:07:54 PM Link already scrapped : https://www.kantipurdaily.com/news/2019/02/04/154924456160278554.html
03/24/2019 01:07:54 PM Link already scrapped : https://www.kantipurdaily.com/news/2019/02/04/154924441288936965.html
03/24/2019 01:07:54 PM Link already scrapped : https://www.kantipurdaily.com/news/2019/02/04/154924396276969826.html
03/24/2019 01:07:54 PM Link already scrapped : https://www.kantipurdaily.com/blog/2018/12/25/154573978599379056.html
03/24/2019 01:08:05 PM Scrapping : https://www.kantipurdaily.com/news/2019/02/04/154924431920963778.html
03/24/2019 01:08:56 PM Link already scrapped : https://www.kantipurdaily.com/diaspora/2019/03/24/155339590791858804.html
03/24/2019 01:08:56 PM Link already scrapped : https://www.kantipurdaily.com/diaspora/2019/03/20/155307250747543846.html
03/24/2019 01:08:56 PM Link already scrapped : https://www.kantipurdaily.com/diaspora/2019/03/20/155305329790425161.html
03/24/2019 01:08:56 PM Link already scrapped : https://www.kantipurdaily.com/diaspora/2019/03/19/15529765765862162.html
03/24/2019 01:08:56 PM Link already scrapped : https://www.kantipurdaily.com/diaspora/2019/03/14/155256566057655765.html
03/24/2019 01:08:56 PM Link already scrapped : https://www.kantipurdaily.com/diaspora/2019/03/14/155253703966751682.html
03/24/2019 01:08:56 PM Link already scrapped : https://www.kantipurdaily.com/diaspora/2019/03/13/15524744531902225.html
03/24/2019 01:08:56 PM Link already scrapped : https://www.kantipurdaily.com/diaspora/2019/03/11/155230486495137514.html
03/24/2019 01:08:56 PM Link already scrapped : https://www.kantipurdaily.com/diaspora/2019/03/09/155212823912726015.html
03/24/2019 01:08:56 PM Link already scrapped : https://www.kantipurdaily.com/diaspora/2019/03/08/15520457192598765.html
03/24/2019 01:08:56 PM Link already scrapped : https://www.kantipurdaily.com/Art/2019/03/03/155162089588061220.html
03/24/2019 01:08:56 PM Link already scrapped : https://www.kantipurdaily.com/Art/2019/01/29/154873033061681009.html
03/24/2019 01:08:56 PM Link already scrapped : https://www.kantipurdaily.com/Art/2018/12/27/15459080515685271.html
03/24/2019 01:08:56 PM Link already scrapped : https://www.kantipurdaily.com/Art/2018/12/03/154383283661058975.html
03/24/2019 01:08:56 PM Link already scrapped : https://www.kantipurdaily.com/sports/2019/03/24/155339300340435650.html
03/24/2019 01:08:56 PM Link already scrapped : https://www.kantipurdaily.com/sports/2019/03/24/155339291311273590.html
03/24/2019 01:08:56 PM Link already scrapped : https://www.kantipurdaily.com/sports/2019/03/24/155339263001131757.html
03/24/2019 01:08:56 PM Link already scrapped : https://www.kantipurdaily.com/sports/2019/03/24/155339257968123498.html
03/24/2019 01:08:56 PM Link already scrapped : https://www.kantipurdaily.com/sports/2019/03/24/155339251813911449.html
03/24/2019 01:08:56 PM Link already scrapped : https://www.kantipurdaily.com/sports/2019/03/24/155339239383558821.html
03/24/2019 01:08:56 PM Link already scrapped : https://www.kantipurdaily.com/sports/2019/03/24/155339235028152402.html
03/24/2019 01:08:56 PM Link already scrapped : https://www.kantipurdaily.com/sports/2019/03/23/155334192413255792.html
03/24/2019 01:08:56 PM Link already scrapped : https://www.kantipurdaily.com/sports/2019/03/23/155334138548181457.html
03/24/2019 01:08:56 PM Link already scrapped : https://www.kantipurdaily.com/sports/2019/03/23/15533169015373263.html
03/24/2019 01:08:56 PM Link already scrapped : https://www.kantipurdaily.com/sports/2019/03/23/155331130513899257.html
03/24/2019 01:08:56 PM Link already scrapped : https://www.kantipurdaily.com/sports/2019/03/23/155331116402563790.html
03/24/2019 01:08:56 PM Link already scrapped : https://www.kantipurdaily.com/pathakmanch/2019/03/24/155340272328842073.html
03/24/2019 01:08:56 PM Link already scrapped : https://www.kantipurdaily.com/pathakmanch/2019/03/24/155340271090275379.html
03/24/2019 01:08:56 PM Link already scrapped : https://www.kantipurdaily.com/pathakmanch/2019/03/24/155340269916775167.html
03/24/2019 01:08:56 PM Link already scrapped : https://www.kantipurdaily.com/pathakmanch/2019/03/24/15534026771354333.html
03/24/2019 01:08:56 PM Link already scrapped : https://www.kantipurdaily.com/pathakmanch/2019/03/23/155332271467745622.html
03/24/2019 01:08:56 PM Link already scrapped : https://www.kantipurdaily.com/pathakmanch/2019/03/23/155332270535075332.html
03/24/2019 01:08:56 PM Link already scrapped : https://www.kantipurdaily.com/pathakmanch/2019/03/23/155332269566814472.html
03/24/2019 01:08:56 PM Link already scrapped : https://www.kantipurdaily.com/pathakmanch/2019/03/22/155323433689411299.html
03/24/2019 01:08:56 PM Link already scrapped : https://www.kantipurdaily.com/world/2019/03/24/155339581353553766.html
03/24/2019 01:08:56 PM Link already scrapped : https://www.kantipurdaily.com/pathakmanch/2019/03/22/15532343195888318.html
03/24/2019 01:08:56 PM Link already scrapped : https://www.kantipurdaily.com/pathakmanch/2019/03/22/1553234307659986.html
03/24/2019 01:08:56 PM Link already scrapped : https://www.kantipurdaily.com/pathakmanch/2019/03/22/15532342944273415.html
03/24/2019 01:08:56 PM Link already scrapped : https://www.kantipurdaily.com/world/2019/03/23/155333282395582635.html
03/24/2019 01:08:56 PM Link already scrapped : https://www.kantipurdaily.com/world/2019/03/23/155331272232633058.html
03/24/2019 01:08:56 PM Link already scrapped : https://www.kantipurdaily.com/world/2019/03/22/155326354769995654.html
03/24/2019 01:08:56 PM Link already scrapped : https://www.kantipurdaily.com/world/2019/03/22/155324081981611100.html
03/24/2019 01:08:56 PM Link already scrapped : https://www.kantipurdaily.com/world/2019/03/22/15532338629863782.html
03/24/2019 01:08:56 PM Link already scrapped : https://www.kantipurdaily.com/world/2019/03/22/155323382520631691.html
03/24/2019 01:08:56 PM Link already scrapped : https://www.kantipurdaily.com/world/2019/03/22/155323371070244374.html
03/24/2019 01:08:56 PM Link already scrapped : https://www.kantipurdaily.com/world/2019/03/21/155318311282638770.html
03/24/2019 01:08:56 PM Link already scrapped : https://www.kantipurdaily.com/world/2019/03/21/155313751707596129.html
03/24/2019 01:08:56 PM Link already scrapped : https://www.kantipurdaily.com/entertainment/2019/03/24/155339601232536162.html
03/24/2019 01:08:56 PM Link already scrapped : https://www.kantipurdaily.com/world/2019/03/21/155313742823662732.html
03/24/2019 01:08:56 PM Link already scrapped : https://www.kantipurdaily.com/entertainment/2019/03/23/155335553690283841.html
03/24/2019 01:08:56 PM Link already scrapped : https://www.kantipurdaily.com/world/2019/03/21/15531373879066713.html
03/24/2019 01:08:56 PM Link already scrapped : https://www.kantipurdaily.com/literature/2019/03/24/155339991705879951.html
03/24/2019 01:08:56 PM Link already scrapped : https://www.kantipurdaily.com/world/2019/03/21/15531373303619925.html
03/24/2019 01:08:56 PM Link already scrapped : https://www.kantipurdaily.com/entertainment/2019/03/23/155335263087622810.html
03/24/2019 01:08:56 PM Link already scrapped : https://www.kantipurdaily.com/literature/2019/03/24/155339597792654157.html
03/24/2019 01:08:56 PM Link already scrapped : https://www.kantipurdaily.com/literature/2019/03/23/155331010230783494.html
03/24/2019 01:08:56 PM Link already scrapped : https://www.kantipurdaily.com/entertainment/2019/03/23/155331003361123774.html
03/24/2019 01:08:56 PM Link already scrapped : https://www.kantipurdaily.com/literature/2019/03/22/155323368002946126.html
03/24/2019 01:08:56 PM Link already scrapped : https://www.kantipurdaily.com/entertainment/2019/03/21/155313728404332655.html
03/24/2019 01:08:56 PM Link already scrapped : https://www.kantipurdaily.com/literature/2019/03/22/155323297846282816.html
03/24/2019 01:08:56 PM Link already scrapped : https://www.kantipurdaily.com/entertainment/2019/03/21/155313722102031233.html
03/24/2019 01:08:56 PM Link already scrapped : https://www.kantipurdaily.com/literature/2019/03/20/1553053252423701.html
03/24/2019 01:08:56 PM Link already scrapped : https://www.kantipurdaily.com/literature/2019/03/20/15530532112482354.html
03/24/2019 01:08:56 PM Link already scrapped : https://www.kantipurdaily.com/entertainment/2019/03/21/1553137170995409.html
03/24/2019 01:08:56 PM Link already scrapped : https://www.kantipurdaily.com/literature/2019/03/19/155300369622021566.html
03/24/2019 01:08:56 PM Link already scrapped : https://www.kantipurdaily.com/literature/2019/03/19/155296879441362862.html
03/24/2019 01:08:56 PM Link already scrapped : https://www.kantipurdaily.com/entertainment/2019/03/20/155305323364581718.html
03/24/2019 01:08:56 PM Link already scrapped : https://www.kantipurdaily.com/literature/2019/03/18/155287508667054518.html
03/24/2019 01:08:56 PM Link already scrapped : https://www.kantipurdaily.com/entertainment/2019/03/20/155305324032715785.html
03/24/2019 01:08:56 PM Link already scrapped : https://www.kantipurdaily.com/entertainment/2019/03/20/155305321686657323.html
03/24/2019 01:08:56 PM Link already scrapped : https://www.kantipurdaily.com/opinion/2019/03/24/155339398725394322.html
03/24/2019 01:08:56 PM Link already scrapped : https://www.kantipurdaily.com/opinion/2019/03/24/155339385125041497.html
03/24/2019 01:08:56 PM Link already scrapped : https://www.kantipurdaily.com/opinion/2019/03/24/155339377949873781.html
03/24/2019 01:08:56 PM Link already scrapped : https://www.kantipurdaily.com/opinion/2019/03/24/15533936793415549.html
03/24/2019 01:08:56 PM Link already scrapped : https://www.kantipurdaily.com/opinion/2019/03/22/15532272385392668.html
03/24/2019 01:08:56 PM Link already scrapped : https://www.kantipurdaily.com/opinion/2019/03/22/15532270430037106.html
03/24/2019 01:08:56 PM Link already scrapped : https://www.kantipurdaily.com/opinion/2019/03/22/155322696139222130.html
03/24/2019 01:08:56 PM Link already scrapped : https://www.kantipurdaily.com/opinion/2019/03/22/155322688035252639.html
03/24/2019 01:08:56 PM Link already scrapped : https://www.kantipurdaily.com/opinion/2019/03/22/155322664315514738.html
03/24/2019 01:08:56 PM Link already scrapped : https://www.kantipurdaily.com/opinion/2019/03/21/155313512149096749.html
03/24/2019 01:08:56 PM Link already scrapped : https://www.kantipurdaily.com/opinion/2019/03/21/155313498171474300.html
03/24/2019 01:08:56 PM Link already scrapped : https://www.kantipurdaily.com/opinion/2019/03/21/155313489290938121.html
03/24/2019 01:08:56 PM Link already scrapped : https://www.kantipurdaily.com/opinion/2019/03/21/155313481658546784.html
03/24/2019 01:08:56 PM Link already scrapped : https://www.kantipurdaily.com/opinion/2019/03/21/155313461014894473.html
03/24/2019 01:08:56 PM Link already scrapped : https://www.kantipurdaily.com/Other/2019/03/18/155289290485086138.html
03/24/2019 01:08:56 PM Link already scrapped : https://www.kantipurdaily.com/Other/2019/03/15/15526413505559624.html
03/24/2019 01:08:56 PM Link already scrapped : https://www.kantipurdaily.com/Other/2019/03/11/15523131973226250.html
03/24/2019 01:08:56 PM Link already scrapped : https://www.kantipurdaily.com/Other/2019/03/05/155178646852834591.html
03/24/2019 01:08:56 PM Link already scrapped : https://www.kantipurdaily.com/Other/2019/03/02/155153209464216383.html
03/24/2019 01:08:56 PM Link already scrapped : https://www.kantipurdaily.com/Other/2019/03/02/15515295470478450.html
03/24/2019 01:08:56 PM Link already scrapped : https://www.kantipurdaily.com/Other/2019/02/18/155047148761372361.html
03/24/2019 01:08:56 PM Link already scrapped : https://www.kantipurdaily.com/Other/2019/02/18/155047101215628886.html
03/24/2019 01:08:56 PM Link already scrapped : https://www.kantipurdaily.com/Other/2019/02/17/155040614632952365.html
03/24/2019 01:08:56 PM Link already scrapped : https://www.kantipurdaily.com/national/2019/03/24/155339758730171892.html
03/24/2019 01:08:56 PM Link already scrapped : https://www.kantipurdaily.com/national/2019/03/24/155339331301724089.html
03/24/2019 01:08:56 PM Link already scrapped : https://www.kantipurdaily.com/national/2019/03/24/155339325446481152.html
03/24/2019 01:08:56 PM Link already scrapped : https://www.kantipurdaily.com/national/2019/03/23/155334445530595710.html
03/24/2019 01:08:56 PM Link already scrapped : https://www.kantipurdaily.com/national/2019/03/23/155330897706323697.html
03/24/2019 01:08:56 PM Link already scrapped : https://www.kantipurdaily.com/national/2019/03/23/155330697662758568.html
03/24/2019 01:08:56 PM Link already scrapped : https://www.kantipurdaily.com/national/2019/03/22/155322934282569937.html
03/24/2019 01:08:56 PM Link already scrapped : https://www.kantipurdaily.com/national/2019/03/22/15532292563647718.html
03/24/2019 01:08:56 PM Link already scrapped : https://www.kantipurdaily.com/feature/2019/03/17/155278959328369355.html
03/24/2019 01:08:56 PM Link already scrapped : https://www.kantipurdaily.com/national/2019/03/22/155322917510757152.html
03/24/2019 01:08:56 PM Link already scrapped : https://www.kantipurdaily.com/feature/2019/03/10/155218213207559814.html
03/24/2019 01:08:56 PM Link already scrapped : https://www.kantipurdaily.com/national/2019/03/21/15531344775894760.html
03/24/2019 01:08:56 PM Link already scrapped : https://www.kantipurdaily.com/national/2019/03/21/155313441323872418.html
03/24/2019 01:08:56 PM Link already scrapped : https://www.kantipurdaily.com/feature/2019/03/09/15520943726605889.html
03/24/2019 01:08:56 PM Link already scrapped : https://www.kantipurdaily.com/national/2019/03/21/155313436899222827.html
03/24/2019 01:08:56 PM Link already scrapped : https://www.kantipurdaily.com/feature/2019/03/08/155201184045986992.html
03/24/2019 01:08:56 PM Link already scrapped : https://www.kantipurdaily.com/feature/2019/03/05/155174977413495817.html
03/24/2019 01:08:56 PM Link already scrapped : https://www.kantipurdaily.com/feature/2019/02/28/155135250682492972.html
03/24/2019 01:08:56 PM Link already scrapped : https://www.kantipurdaily.com/feature/2019/02/27/155123543921638679.html
03/24/2019 01:08:56 PM Link already scrapped : https://www.kantipurdaily.com/feature/2019/02/22/15508028178095906.html
03/24/2019 01:08:56 PM Link already scrapped : https://www.kantipurdaily.com/feature/2019/02/21/155071591570246870.html
03/24/2019 01:08:56 PM Link already scrapped : https://www.kantipurdaily.com/feature/2019/02/21/155071347352895121.html
03/24/2019 01:08:56 PM Link already scrapped : https://www.kantipurdaily.com/lifestyle/2019/02/08/154959649085891301.html
03/24/2019 01:08:56 PM Link already scrapped : https://www.kantipurdaily.com/lifestyle/2019/02/04/154929273909679836.html
03/24/2019 01:08:56 PM Link already scrapped : https://www.kantipurdaily.com/lifestyle/2018/12/15/154484554778351587.html
03/24/2019 01:08:56 PM Link already scrapped : https://www.kantipurdaily.com/business/2019/03/24/155340480037641787.html
03/24/2019 01:08:56 PM Link already scrapped : https://www.kantipurdaily.com/business/2019/03/24/155340027152186853.html
03/24/2019 01:08:56 PM Link already scrapped : https://www.kantipurdaily.com/business/2019/03/24/155339848632325517.html
03/24/2019 01:08:56 PM Link already scrapped : https://www.kantipurdaily.com/business/2019/03/24/155339842998171420.html
03/24/2019 01:08:56 PM Link already scrapped : https://www.kantipurdaily.com/business/2019/03/24/155339836069045681.html
03/24/2019 01:08:56 PM Link already scrapped : https://www.kantipurdaily.com/business/2019/03/24/155339831346614786.html
03/24/2019 01:08:56 PM Link already scrapped : https://www.kantipurdaily.com/business/2019/03/24/155339825571388673.html
03/24/2019 01:08:56 PM Link already scrapped : https://www.kantipurdaily.com/business/2019/03/24/155339821893715903.html
03/24/2019 01:08:56 PM Link already scrapped : https://www.kantipurdaily.com/business/2019/03/24/155339817703831928.html
03/24/2019 01:08:56 PM Link already scrapped : https://www.kantipurdaily.com/business/2019/03/24/15533981108729144.html
03/24/2019 01:08:56 PM Link already scrapped : https://www.kantipurdaily.com/news/2019/03/24/155340049453446046.html
03/24/2019 01:08:56 PM Link already scrapped : https://www.kantipurdaily.com/news/2019/03/24/155339967658531047.html
03/24/2019 01:08:56 PM Link already scrapped : https://www.kantipurdaily.com/news/2019/03/24/155339799170352933.html
03/24/2019 01:08:56 PM Link already scrapped : https://www.kantipurdaily.com/news/2019/03/24/155339791285215153.html
03/24/2019 01:08:56 PM Link already scrapped : https://www.kantipurdaily.com/news/2019/03/24/155339526290939573.html
03/24/2019 01:08:56 PM Link already scrapped : https://www.kantipurdaily.com/news/2019/03/24/155339448025292595.html
03/24/2019 01:08:56 PM Link already scrapped : https://www.kantipurdaily.com/news/2019/03/24/155339318472923364.html
03/24/2019 01:08:56 PM Link already scrapped : https://www.kantipurdaily.com/news/2019/03/24/155339218045216894.html
03/24/2019 01:08:56 PM Link already scrapped : https://www.kantipurdaily.com/news/2019/03/24/155339147163569028.html
03/24/2019 01:08:56 PM Link already scrapped : https://www.kantipurdaily.com/news/2019/03/24/155339139430137107.html
03/24/2019 01:08:56 PM Link already scrapped : https://www.kantipurdaily.com/news/2019/03/24/15533912969564054.html
03/24/2019 01:08:56 PM Link already scrapped : https://www.kantipurdaily.com/news/2019/03/24/155339122229348178.html
03/24/2019 01:08:56 PM Link already scrapped : https://www.kantipurdaily.com/koseli/2019/03/23/155332317192793647.html
03/24/2019 01:08:56 PM Link already scrapped : https://www.kantipurdaily.com/koseli/2019/03/23/155332315330187595.html
03/24/2019 01:08:56 PM Link already scrapped : https://www.kantipurdaily.com/koseli/2019/03/23/155332313127232181.html
03/24/2019 01:08:56 PM Link already scrapped : https://www.kantipurdaily.com/koseli/2019/03/23/155332311583552810.html
03/24/2019 01:08:56 PM Link already scrapped : https://www.kantipurdaily.com/koseli/2019/03/23/155332309360935055.html
03/24/2019 01:08:56 PM Link already scrapped : https://www.kantipurdaily.com/koseli/2019/03/23/155332307698796962.html
03/24/2019 01:08:56 PM Link already scrapped : https://www.kantipurdaily.com/koseli/2019/03/23/155332305170859585.html
03/24/2019 01:08:56 PM Link already scrapped : https://www.kantipurdaily.com/koseli/2019/03/23/155332302616739437.html
03/24/2019 01:08:56 PM Link already scrapped : https://www.kantipurdaily.com/koseli/2019/03/23/155332300715957258.html
03/24/2019 01:08:56 PM Link already scrapped : https://www.kantipurdaily.com/koseli/2019/03/23/15533229806341404.html
03/24/2019 01:08:56 PM Link already scrapped : https://www.kantipurdaily.com/koseli/2019/03/23/155332296410112870.html
03/24/2019 01:08:56 PM Link already scrapped : https://www.kantipurdaily.com/koseli/2019/03/23/155332293757413157.html
03/24/2019 01:08:56 PM Link already scrapped : https://www.kantipurdaily.com/koseli/2019/03/23/15533229237778806.html
03/24/2019 01:08:56 PM Link already scrapped : https://www.kantipurdaily.com/koseli/2019/03/23/15533228878196433.html
03/24/2019 01:08:56 PM Link already scrapped : https://www.kantipurdaily.com/koseli/2019/03/23/155332287133372764.html
03/24/2019 01:08:56 PM Link already scrapped : https://www.kantipurdaily.com/koseli/2019/03/23/15533227817422457.html
03/24/2019 01:08:56 PM Link already scrapped : https://www.kantipurdaily.com/technology/2019/03/03/155162073697719808.html
03/24/2019 01:08:56 PM Link already scrapped : https://www.kantipurdaily.com/technology/2019/03/03/155161431279827271.html
03/24/2019 01:08:56 PM Link already scrapped : https://www.kantipurdaily.com/technology/2019/03/03/155160545391269381.html
03/24/2019 01:08:56 PM Link already scrapped : https://www.kantipurdaily.com/technology/2019/03/03/155158203431125886.html
03/24/2019 01:08:56 PM Link already scrapped : https://www.kantipurdaily.com/technology/2019/03/02/155154018204876303.html
03/24/2019 01:08:56 PM Link already scrapped : https://www.kantipurdaily.com/technology/2019/02/25/15510719453049050.html
03/24/2019 01:08:56 PM Link already scrapped : https://www.kantipurdaily.com/technology/2019/02/24/155101803110236480.html
03/24/2019 01:08:56 PM Link already scrapped : https://www.kantipurdaily.com/technology/2019/02/24/155099213493094772.html
03/24/2019 01:08:56 PM Link already scrapped : https://www.kantipurdaily.com/technology/2019/02/23/15509213655901428.html
03/24/2019 01:08:56 PM Link already scrapped : https://www.kantipurdaily.com/technology/2019/02/21/155073953466021468.html
03/24/2019 01:08:56 PM Link already scrapped : https://www.kantipurdaily.com/blog/2019/03/05/155178463104764314.html
03/24/2019 01:08:56 PM Link already scrapped : https://www.kantipurdaily.com/blog/2019/03/05/155177899725638587.html
03/24/2019 01:08:56 PM Link already scrapped : https://www.kantipurdaily.com/blog/2019/02/26/15511586003675636.html
03/24/2019 01:08:56 PM Link already scrapped : https://www.kantipurdaily.com/blog/2019/02/21/155074410615033943.html
03/24/2019 01:08:56 PM Link already scrapped : https://www.kantipurdaily.com/blog/2019/02/14/155013204336058095.html
03/24/2019 01:08:56 PM Link already scrapped : https://www.kantipurdaily.com/blog/2019/02/09/154971800764495647.html
03/24/2019 01:08:56 PM Link already scrapped : https://www.kantipurdaily.com/blog/2018/12/25/154573978599379056.html
03/24/2019 01:08:56 PM Link already scrapped : https://www.kantipurdaily.com/nari-nepali/2019/03/08/155202852028917799.html
03/24/2019 01:08:56 PM Link already scrapped : https://www.kantipurdaily.com/nari-nepali/2019/03/08/155202849622297808.html
03/24/2019 01:08:56 PM Link already scrapped : https://www.kantipurdaily.com/nari-nepali/2019/03/08/155202847925736507.html
03/24/2019 01:08:56 PM Link already scrapped : https://www.kantipurdaily.com/nari-nepali/2019/03/08/155202844514512037.html
03/24/2019 01:08:56 PM Link already scrapped : https://www.kantipurdaily.com/nari-nepali/2019/03/08/155202842163958687.html
03/24/2019 01:08:56 PM Link already scrapped : https://www.kantipurdaily.com/nari-nepali/2019/03/08/155202840055596039.html
03/24/2019 01:08:56 PM Link already scrapped : https://www.kantipurdaily.com/nari-nepali/2019/03/08/155202837458327637.html
03/24/2019 01:08:56 PM Link already scrapped : https://www.kantipurdaily.com/nari-nepali/2019/03/08/155202805618786722.html
03/24/2019 01:08:56 PM Link already scrapped : https://www.kantipurdaily.com/nari-nepali/2019/03/08/155202803212872414.html
03/24/2019 01:08:56 PM Link already scrapped : https://www.kantipurdaily.com/health/2019/03/23/15533099441425929.html
03/24/2019 01:08:56 PM Link already scrapped : https://www.kantipurdaily.com/health/2019/03/22/155322911338957828.html
03/24/2019 01:08:56 PM Link already scrapped : https://www.kantipurdaily.com/health/2019/03/20/155305119971137322.html
03/24/2019 01:08:56 PM Link already scrapped : https://www.kantipurdaily.com/health/2019/03/16/155270298059442250.html
03/24/2019 01:08:56 PM Link already scrapped : https://www.kantipurdaily.com/health/2019/03/16/15527028788086399.html
03/24/2019 01:08:56 PM Link already scrapped : https://www.kantipurdaily.com/health/2019/03/15/155262502303277058.html
03/24/2019 01:08:56 PM Link already scrapped : https://www.kantipurdaily.com/health/2019/03/11/155228089816432454.html
03/24/2019 01:08:56 PM Link already scrapped : https://www.kantipurdaily.com/health/2019/03/11/15522808230662101.html
03/24/2019 01:08:56 PM Link already scrapped : https://www.kantipurdaily.com/health/2019/03/09/155209684772978430.html
03/24/2019 01:08:56 PM Link already scrapped : https://www.kantipurdaily.com/health/2019/03/07/15519240270045393.html
03/24/2019 01:08:56 PM Scrapping : https://www.kantipurdaily.com/news/2019/03/24/155341088624933855.html
03/24/2019 01:08:56 PM Scrapping : https://www.kantipurdaily.com/news/2019/03/24/155341132388215002.html
03/24/2019 01:08:56 PM Scrapping : https://www.kantipurdaily.com/news/2019/03/24/155341037178526354.html
